[debug] ----------------------------------------------------------------------
[debug] Command:      /usr/local/bin/node /usr/local/bin/firebase serve
[debug] CLI Version:  3.6.0
[debug] Platform:     darwin
[debug] Node Version: v6.8.1
[debug] Time:         Sun Apr 23 2017 20:55:20 GMT-0400 (EDT)
[debug] ----------------------------------------------------------------------
[debug] 
[debug] > command requires scopes: ["email","openid","https://www.googleapis.com/auth/cloudplatformprojects.readonly","https://www.googleapis.com/auth/firebase","https://www.googleapis.com/auth/cloud-platform"]
[debug] >>> HTTP REQUEST GET https://admin.firebase.com/v1/projects/brendanscottfriel-a5454  
 Sun Apr 23 2017 20:55:20 GMT-0400 (EDT)
[debug] <<< HTTP RESPONSE 200
[debug] >>> HTTP REQUEST GET https://admin.firebase.com/v1/database/brendanscottfriel-a5454/tokens  
 Sun Apr 23 2017 20:55:20 GMT-0400 (EDT)
[debug] <<< HTTP RESPONSE 200
[info] Starting Firebase development server...
[info] 
[info] Project Directory: /Users/biannetta/Sites/brendanscottfriel.ca
[debug] >>> HTTP REQUEST GET https://cloudresourcemanager.googleapis.com/v1/projects/brendanscottfriel-a5454  
 Sun Apr 23 2017 20:55:21 GMT-0400 (EDT)
[debug] <<< HTTP RESPONSE 200
[debug] >>> HTTP REQUEST GET https://mobilesdk-pa.googleapis.com/v1/projects/697985063855/clients/_:getWebAppConfig  
 Sun Apr 23 2017 20:55:21 GMT-0400 (EDT)
[debug] <<< HTTP RESPONSE 200
[info] Public Directory: public
[info] 
[info] Server listening at: http://localhost:5000
